[GIN-debug] [WARNING] Creating an Engine instance with the Logger and Recovery middleware already attached.

[GIN-debug] [WARNING] Running in "debug" mode. Switch to "release" mode in production.
 - using env:	export GIN_MODE=release
 - using code:	gin.SetMode(gin.ReleaseMode)

[GIN-debug] GET    /users                    --> ginApi/router.SetRoutes.func1 (3 handlers)
[GIN-debug] [WARNING] Creating an Engine instance with the Logger and Recovery middleware already attached.

[GIN-debug] [WARNING] Running in "debug" mode. Switch to "release" mode in production.
 - using env:	export GIN_MODE=release
 - using code:	gin.SetMode(gin.ReleaseMode)

[GIN-debug] GET    /users                    --> ginApi/router.SetRoutes.func1 (3 handlers)
[GIN] 2021/07/02 - 22:21:14 | 200 |    6.256196ms |             ::1 | GET      "/users"
[GIN] 2021/07/02 - 22:21:34 | 200 |      19.453µs |             ::1 | GET      "/users"
[GIN] 2021/07/02 - 22:21:40 | 404 |         707ns |             ::1 | POST     "/authenticate"
[GIN] 2021/07/02 - 22:21:50 | 404 |       1.281µs |             ::1 | POST     "/authenticate"
[GIN] 2021/07/02 - 22:25:36 | 404 |       1.149µs |             ::1 | POST     "/login"
[GIN] 2021/07/02 - 22:26:36 | 404 |         960ns |             ::1 | POST     "/login"
[GIN] 2021/07/02 - 22:27:52 | 404 |         664ns |             ::1 | POST     "/authenticate"
[GIN] 2021/07/02 - 22:28:04 | 404 |         700ns |             ::1 | POST     "/authenticate"
[GIN] 2021/07/02 - 22:28:19 | 404 |        1.01µs |             ::1 | POST     "/authenticate"
[GIN] 2021/07/02 - 22:28:21 | 404 |       1.004µs |             ::1 | POST     "/authenticate"
[GIN] 2021/07/02 - 22:29:34 | 200 |      48.339µs |             ::1 | GET      "/users"
[GIN] 2021/07/02 - 22:29:50 | 200 |      33.644µs |             ::1 | GET      "/users"
[GIN] 2021/07/02 - 22:36:56 | 200 |    1.897825ms |             ::1 | GET      "/users"
[GIN] 2021/07/02 - 22:38:45 | 200 |     212.798µs |             ::1 | GET      "/users"
[GIN] 2021/07/02 - 22:39:51 | 200 |    1.558397ms |             ::1 | GET      "/users"
[GIN] 2021/07/02 - 22:40:08 | 200 |      43.303µs |             ::1 | GET      "/users"
[GIN] 2021/07/02 - 22:48:33 | 200 |     269.232µs |             ::1 | GET      "/users"
[GIN] 2021/07/02 - 22:51:00 | 200 |     158.003µs |             ::1 | GET      "/users"
[GIN] 2021/07/02 - 22:52:36 | 200 |      67.714µs |             ::1 | GET      "/users"
